============================= test session starts ==============================
platform darwin -- Python 3.12.11, pytest-9.1.1, pluggy-1.6.0 -- /Users/rushik/Documents/crash-proof-team-of-coding-agents/.venv/bin/python
cachedir: .pytest_cache
rootdir: /private/var/folders/gt/9whmndk54md8mmprpdgx99080000gn/T/temporal-claude/claude-backend-issue-20
plugins: anyio-4.14.1, asyncio-0.21.1
asyncio: mode=Mode.STRICT
collecting ... collected 9 items

test_app.py::test_health_returns_200 PASSED                              [ 11%]
test_app.py::test_health_returns_ok_status PASSED                        [ 22%]
test_app.py::test_version_returns_200 PASSED                             [ 33%]
test_app.py::test_version_returns_correct_version PASSED                 [ 44%]
test_app.py::test_ping_returns_200 PASSED                                [ 55%]
test_app.py::test_ping_returns_pong PASSED                               [ 66%]
test_app.py::test_health_version_equals_version_endpoint PASSED          [ 77%]
test_app.py::test_health_service_field_present PASSED                    [ 88%]
test_app.py::test_health_service_field_equals_demo_api PASSED            [100%]

=============================== warnings summary ===============================
../../../../../../../../Users/rushik/Documents/crash-proof-team-of-coding-agents/.venv/lib/python3.12/site-packages/fastapi/testclient.py:1
  /Users/rushik/Documents/crash-proof-team-of-coding-agents/.venv/lib/python3.12/site-packages/fastapi/testclient.py:1: StarletteDeprecationWarning: Using `httpx` with `starlette.testclient` is deprecated; install `httpx2` instead.
    from starlette.testclient import TestClient as TestClient  # noqa

-- Docs: https://docs.pytest.org/en/stable/how-to/capture-warnings.html
========================= 9 passed, 1 warning in 0.80s =========================
